<?xml version="1.0" encoding="UTF-8"?>
<testng-results ignored="0" total="2" passed="2" failed="0" skipped="0">
  <reporter-output>
  </reporter-output>
  <suite started-at="2022-09-01T20:10:22 GMT-04:00" name="Default suite" finished-at="2022-09-01T20:10:25 GMT-04:00" duration-ms="2431">
    <groups>
    </groups>
    <test started-at="2022-09-01T20:10:22 GMT-04:00" name="Default test" finished-at="2022-09-01T20:10:25 GMT-04:00" duration-ms="2431">
      <class name="Rest_Call">
        <test-method signature="Rest_Get()[pri:0, instance:Rest_Call@15eb5ee5]" started-at="2022-09-01T20:10:22 GMT-04:00" name="Rest_Get" finished-at="2022-09-01T20:10:24 GMT-04:00" duration-ms="1634" status="PASS">
          <reporter-output>
          </reporter-output>
        </test-method> <!-- Rest_Get -->
        <test-method signature="Rest_Post()[pri:0, instance:Rest_Call@15eb5ee5]" started-at="2022-09-01T20:10:24 GMT-04:00" name="Rest_Post" finished-at="2022-09-01T20:10:25 GMT-04:00" duration-ms="749" status="PASS">
          <reporter-output>
          </reporter-output>
        </test-method> <!-- Rest_Post -->
      </class> <!-- Rest_Call -->
    </test> <!-- Default test -->
  </suite> <!-- Default suite -->
</testng-results>
